<?xml version="1.0" encoding="UTF-8"?>
<!-- Generated by org.testng.reporters.JUnitReportReporter -->
<testsuite skipped="0" hostname="LAPTOP-SHB1C0EE" name="functionaltests.LoginPageTests" tests="4" failures="0" timestamp="2021-07-26T22:13:42 IST" time="7.607" errors="0">
  <testcase name="validateEmailFieldTest" time="4.765" classname="functionaltests.LoginPageTests"/>
  <system-out/>
  <testcase name="validatePasswordFieldTest" time="0.134" classname="functionaltests.LoginPageTests"/>
  <system-out/>
  <testcase name="validateSubmitButtonFieldTest" time="0.112" classname="functionaltests.LoginPageTests"/>
  <system-out/>
  <testcase name="performLoginTests" time="2.596" classname="functionaltests.LoginPageTests"/>
  <system-out/>
</testsuite> <!-- functionaltests.LoginPageTests -->
